  StdAfx.cpp
  SystemMap.cpp
c:\users\jeremy\desktop\discovery eco\flcomp\good.h(32): warning C4244: 'return': conversion from '__int64' to 'UINT', possible loss of data
c:\users\jeremy\desktop\discovery eco\flcomp\system.h(83): warning C4244: 'return': conversion from '__int64' to 'UINT', possible loss of data
  System.cpp
c:\users\jeremy\desktop\discovery eco\flcomp\good.h(32): warning C4244: 'return': conversion from '__int64' to 'UINT', possible loss of data
c:\users\jeremy\desktop\discovery eco\flcomp\system.h(83): warning C4244: 'return': conversion from '__int64' to 'UINT', possible loss of data
  SpeedDelaysDlg.cpp
  ResourceProvider.cpp
  ModInfoDlg.cpp
  MiningBaseDlg.cpp
c:\users\jeremy\desktop\discovery eco\flcomp\good.h(32): warning C4244: 'return': conversion from '__int64' to 'UINT', possible loss of data
c:\users\jeremy\desktop\discovery eco\flcomp\system.h(83): warning C4244: 'return': conversion from '__int64' to 'UINT', possible loss of data
c:\users\jeremy\desktop\discovery eco\flcomp\miningbasedlg.cpp(80): warning C4244: '=': conversion from 'DWORD_PTR' to 'UINT', possible loss of data
  LogDlg.cpp
  ListCtrl.cpp
c:\users\jeremy\desktop\discovery eco\flcomp\listctrl.cpp(41): warning C4244: 'initializing': conversion from 'LPARAM' to 'int', possible loss of data
c:\users\jeremy\desktop\discovery eco\flcomp\listctrl.cpp(58): warning C4311: 'type cast': pointer truncation from 'HANDLE' to 'int'
c:\users\jeremy\desktop\discovery eco\flcomp\listctrl.cpp(58): warning C4302: 'type cast': truncation from 'HANDLE' to 'int'
c:\users\jeremy\desktop\discovery eco\flcomp\listctrl.cpp(97): warning C4311: 'type cast': pointer truncation from 'HANDLE' to 'int'
c:\users\jeremy\desktop\discovery eco\flcomp\listctrl.cpp(97): warning C4302: 'type cast': truncation from 'HANDLE' to 'int'
  LimitationsDlg.cpp
c:\users\jeremy\desktop\discovery eco\flcomp\good.h(32): warning C4244: 'return': conversion from '__int64' to 'UINT', possible loss of data
c:\users\jeremy\desktop\discovery eco\flcomp\system.h(83): warning C4244: 'return': conversion from '__int64' to 'UINT', possible loss of data
  Jump.cpp
c:\users\jeremy\desktop\discovery eco\flcomp\good.h(32): warning C4244: 'return': conversion from '__int64' to 'UINT', possible loss of data
c:\users\jeremy\desktop\discovery eco\flcomp\system.h(83): warning C4244: 'return': conversion from '__int64' to 'UINT', possible loss of data
  IniFile.cpp
c:\users\jeremy\desktop\discovery eco\flcomp\inifile.cpp(90): warning C4244: 'argument': conversion from '__int64' to 'int', possible loss of data
c:\users\jeremy\desktop\discovery eco\flcomp\inifile.cpp(111): warning C4244: 'argument': conversion from '__int64' to 'int', possible loss of data
c:\users\jeremy\desktop\discovery eco\flcomp\inifile.cpp(168): warning C4244: 'argument': conversion from '__int64' to 'int', possible loss of data
c:\users\jeremy\desktop\discovery eco\flcomp\inifile.cpp(292): warning C4244: 'argument': conversion from '__int64' to 'int', possible loss of data
c:\users\jeremy\desktop\discovery eco\flcomp\inifile.cpp(445): warning C4244: 'argument': conversion from '__int64' to 'int', possible loss of data
c:\users\jeremy\desktop\discovery eco\flcomp\inifile.cpp(497): warning C4244: 'argument': conversion from '__int64' to 'int', possible loss of data
c:\users\jeremy\desktop\discovery eco\flcomp\inifile.cpp(501): warning C4244: 'argument': conversion from '__int64' to 'int', possible loss of data
c:\users\jeremy\desktop\discovery eco\flcomp\inifile.cpp(546): warning C4244: 'argument': conversion from '__int64' to 'int', possible loss of data
  GoodsRepoDlg.cpp
c:\users\jeremy\desktop\discovery eco\flcomp\good.h(32): warning C4244: 'return': conversion from '__int64' to 'UINT', possible loss of data
c:\users\jeremy\desktop\discovery eco\flcomp\system.h(83): warning C4244: 'return': conversion from '__int64' to 'UINT', possible loss of data
c:\users\jeremy\desktop\discovery eco\flcomp\goodsrepodlg.cpp(147): warning C4311: '<function-style-cast>': pointer truncation from 'LPTSTR' to 'DWORD'
c:\users\jeremy\desktop\discovery eco\flcomp\goodsrepodlg.cpp(147): warning C4302: '<function-style-cast>': truncation from 'LPTSTR' to 'DWORD'
c:\users\jeremy\desktop\discovery eco\flcomp\goodsrepodlg.cpp(153): warning C4311: '<function-style-cast>': pointer truncation from 'wchar_t *' to 'DWORD'
c:\users\jeremy\desktop\discovery eco\flcomp\goodsrepodlg.cpp(153): warning C4302: '<function-style-cast>': truncation from 'wchar_t *' to 'DWORD'
c:\users\jeremy\desktop\discovery eco\flcomp\goodsrepodlg.cpp(187): warning C4311: '<function-style-cast>': pointer truncation from 'wchar_t *' to 'DWORD'
c:\users\jeremy\desktop\discovery eco\flcomp\goodsrepodlg.cpp(187): warning C4302: '<function-style-cast>': truncation from 'wchar_t *' to 'DWORD'
c:\users\jeremy\desktop\discovery eco\flcomp\goodsrepodlg.cpp(257): warning C4311: '<function-style-cast>': pointer truncation from 'CBase *' to 'long'
c:\users\jeremy\desktop\discovery eco\flcomp\goodsrepodlg.cpp(257): warning C4302: '<function-style-cast>': truncation from 'CBase *' to 'long'
c:\users\jeremy\desktop\discovery eco\flcomp\goodsrepodlg.cpp(281): warning C4311: '<function-style-cast>': pointer truncation from 'CBase *' to 'long'
c:\users\jeremy\desktop\discovery eco\flcomp\goodsrepodlg.cpp(281): warning C4302: '<function-style-cast>': truncation from 'CBase *' to 'long'
  Good.cpp
c:\users\jeremy\desktop\discovery eco\flcomp\good.h(32): warning C4244: 'return': conversion from '__int64' to 'UINT', possible loss of data
  FLCompanionDlg.cpp
c:\users\jeremy\desktop\discovery eco\flcomp\good.h(32): warning C4244: 'return': conversion from '__int64' to 'UINT', possible loss of data
c:\users\jeremy\desktop\discovery eco\flcomp\system.h(83): warning C4244: 'return': conversion from '__int64' to 'UINT', possible loss of data
c:\users\jeremy\desktop\discovery eco\flcomp\flcompaniondlg.cpp(402): warning C4244: 'initializing': conversion from 'INT_PTR' to 'int', possible loss of data
c:\users\jeremy\desktop\discovery eco\flcomp\flcompaniondlg.cpp(536): warning C4311: 'type cast': pointer truncation from 'CBase *' to 'int'
c:\users\jeremy\desktop\discovery eco\flcomp\flcompaniondlg.cpp(536): warning C4302: 'type cast': truncation from 'CBase *' to 'int'
c:\users\jeremy\desktop\discovery eco\flcomp\flcompaniondlg.cpp(538): warning C4311: 'type cast': pointer truncation from 'CBase *' to 'DWORD'
c:\users\jeremy\desktop\discovery eco\flcomp\flcompaniondlg.cpp(538): warning C4302: 'type cast': truncation from 'CBase *' to 'DWORD'
c:\users\jeremy\desktop\discovery eco\flcomp\flcompaniondlg.cpp(736): warning C4312: 'type cast': conversion from 'int' to 'CBase *' of greater size
c:\users\jeremy\desktop\discovery eco\flcomp\flcompaniondlg.cpp(828): warning C4244: 'initializing': conversion from '__int64' to 'int', possible loss of data
c:\users\jeremy\desktop\discovery eco\flcomp\flcompaniondlg.cpp(832): warning C4311: 'type cast': pointer truncation from 'CDockable *' to 'DWORD'
c:\users\jeremy\desktop\discovery eco\flcomp\flcompaniondlg.cpp(832): warning C4302: 'type cast': truncation from 'CDockable *' to 'DWORD'
c:\users\jeremy\desktop\discovery eco\flcomp\flcompaniondlg.cpp(845): warning C4311: 'type cast': pointer truncation from 'CDockable *' to 'DWORD'
c:\users\jeremy\desktop\discovery eco\flcomp\flcompaniondlg.cpp(845): warning C4302: 'type cast': truncation from 'CDockable *' to 'DWORD'
c:\users\jeremy\desktop\discovery eco\flcomp\flcompaniondlg.cpp(955): warning C4311: '<function-style-cast>': pointer truncation from 'CSystem *' to 'int'
c:\users\jeremy\desktop\discovery eco\flcomp\flcompaniondlg.cpp(955): warning C4302: '<function-style-cast>': truncation from 'CSystem *' to 'int'
c:\users\jeremy\desktop\discovery eco\flcomp\flcompaniondlg.cpp(1628): warning C4311: 'type cast': pointer truncation from 'CSystem *' to 'UINT'
c:\users\jeremy\desktop\discovery eco\flcomp\flcompaniondlg.cpp(1628): warning C4302: 'type cast': truncation from 'CSystem *' to 'UINT'
c:\users\jeremy\desktop\discovery eco\flcomp\flcompaniondlg.cpp(1636): warning C4312: 'reinterpret_cast': conversion from 'UINT' to 'CSystem *' of greater size
  FLCompanion.cpp
c:\users\jeremy\desktop\discovery eco\flcomp\good.h(32): warning C4244: 'return': conversion from '__int64' to 'UINT', possible loss of data
c:\users\jeremy\desktop\discovery eco\flcomp\system.h(83): warning C4244: 'return': conversion from '__int64' to 'UINT', possible loss of data
c:\users\jeremy\desktop\discovery eco\flcomp\flcompanion.cpp(77): warning C4244: 'initializing': conversion from 'INT_PTR' to 'int', possible loss of data
  Faction.cpp
  DynEconDlg.cpp
c:\users\jeremy\desktop\discovery eco\flcomp\good.h(32): warning C4244: 'return': conversion from '__int64' to 'UINT', possible loss of data
c:\users\jeremy\desktop\discovery eco\flcomp\system.h(83): warning C4244: 'return': conversion from '__int64' to 'UINT', possible loss of data
  Dockable.cpp
c:\users\jeremy\desktop\discovery eco\flcomp\good.h(32): warning C4244: 'return': conversion from '__int64' to 'UINT', possible loss of data
c:\users\jeremy\desktop\discovery eco\flcomp\system.h(83): warning C4244: 'return': conversion from '__int64' to 'UINT', possible loss of data
  Datas.cpp
c:\users\jeremy\desktop\discovery eco\flcomp\good.h(32): warning C4244: 'return': conversion from '__int64' to 'UINT', possible loss of data
c:\users\jeremy\desktop\discovery eco\flcomp\system.h(83): warning C4244: 'return': conversion from '__int64' to 'UINT', possible loss of data
c:\users\jeremy\desktop\discovery eco\flcomp\datas.cpp(1025): warning C4244: 'initializing': conversion from '__int64' to 'DWORD', possible loss of data
  BaseInfoDlg.cpp
c:\users\jeremy\desktop\discovery eco\flcomp\good.h(32): warning C4244: 'return': conversion from '__int64' to 'UINT', possible loss of data
c:\users\jeremy\desktop\discovery eco\flcomp\system.h(83): warning C4244: 'return': conversion from '__int64' to 'UINT', possible loss of data
  Generating Code...
  Compiling...
  Base.cpp
c:\users\jeremy\desktop\discovery eco\flcomp\good.h(32): warning C4244: 'return': conversion from '__int64' to 'UINT', possible loss of data
c:\users\jeremy\desktop\discovery eco\flcomp\system.h(83): warning C4244: 'return': conversion from '__int64' to 'UINT', possible loss of data
  AboutDlg.cpp
c:\users\jeremy\desktop\discovery eco\flcomp\good.h(32): warning C4244: 'return': conversion from '__int64' to 'UINT', possible loss of data
c:\users\jeremy\desktop\discovery eco\flcomp\system.h(83): warning C4244: 'return': conversion from '__int64' to 'UINT', possible loss of data
  Generating Code...
  FLCompanion.vcxproj -> C:\Users\Jeremy\Desktop\Discovery Eco\FLComp\x64\Debug UNICODE\FLCompanion.exe
  FLCompanion.vcxproj -> C:\Users\Jeremy\Desktop\Discovery Eco\FLComp\x64\Debug UNICODE\FLCompanion.pdb (Partial PDB)
